2022/06/12 18:51:09 logging the trading record to ./logs/2022-6-12-trading-bot.log
2022/06/12 18:51:09 Number of Workers: 69
2022/06/12 18:51:11 Market closed currently. Wait for 30 minutes
2022/06/12 18:51:11 Starting worker for TSLA trading
2022/06/12 18:51:11 Starting worker for AAPL trading
2022/06/12 18:51:11 Starting worker for AMZN trading
2022/06/12 18:51:11 Starting worker for AMC trading
2022/06/12 18:51:11 Starting worker for F trading
2022/06/12 18:51:11 Starting worker for SNDL trading
2022/06/12 18:51:11 Starting worker for MSFT trading
2022/06/12 18:51:11 Starting worker for DIS trading
2022/06/12 18:51:11 Starting worker for NIO trading
2022/06/12 18:51:11 Starting worker for FB trading
2022/06/12 18:51:11 Starting worker for TWTR trading
2022/06/12 18:51:11 Starting worker for NFLX trading
2022/06/12 18:51:11 Starting worker for NVDA trading
2022/06/12 18:51:11 Starting worker for PFE trading
2022/06/12 18:51:11 Starting worker for SNAP trading
2022/06/12 18:51:11 Starting worker for GPRO trading
2022/06/12 18:51:11 Starting worker for PLUG trading
2022/06/12 18:51:11 Starting worker for AAL trading
2022/06/12 18:51:11 Starting worker for BABA trading
2022/06/12 18:51:11 Starting worker for HOOD trading
2022/06/12 18:51:11 Starting worker for ACB trading
2022/06/12 18:51:11 Starting worker for CCL trading
2022/06/12 18:51:11 Starting worker for BAC trading
2022/06/12 18:51:11 Starting worker for PLTR trading
2022/06/12 18:51:11 Starting worker for NOK trading
2022/06/12 18:51:11 Starting worker for SBUX trading
2022/06/12 18:51:11 Starting worker for DAL trading
2022/06/12 18:51:11 Starting worker for GOOGL trading
2022/06/12 18:51:11 Starting worker for AMD trading
2022/06/12 18:51:11 Starting worker for GME trading
2022/06/12 18:51:11 Starting worker for RIVN trading
2022/06/12 18:51:11 Starting worker for COIN trading
2022/06/12 18:51:11 Starting worker for TLRY trading
2022/06/12 18:51:11 Starting worker for OGI trading
2022/06/12 18:51:11 Starting worker for KO trading
2022/06/12 18:51:11 Starting worker for T trading
2022/06/12 18:51:11 Starting worker for CGC trading
2022/06/12 18:51:11 Starting worker for SPCE trading
2022/06/12 18:51:11 Starting worker for PYPL trading
2022/06/12 18:51:11 Starting worker for VTI trading
2022/06/12 18:51:11 Starting worker for MRNA trading
2022/06/12 18:51:11 Starting worker for UBER trading
2022/06/12 18:51:11 Starting worker for BB trading
2022/06/12 18:51:11 Starting worker for RBLX trading
2022/06/12 18:51:11 Starting worker for GM trading
2022/06/12 18:51:11 Starting worker for FCEL trading
2022/06/12 18:51:11 Starting worker for CENN trading
2022/06/12 18:51:11 Starting worker for GE trading
2022/06/12 18:51:11 Starting worker for SQ trading
2022/06/12 18:51:11 Starting worker for WKHS trading
2022/06/12 18:51:11 Starting worker for IDEX trading
2022/06/12 18:51:11 Starting worker for BA trading
2022/06/12 18:51:11 Starting worker for DKNG trading
2022/06/12 18:51:11 Starting worker for WMT trading
2022/06/12 18:51:11 Starting worker for ABNB trading
2022/06/12 18:51:11 Starting worker for UAL trading
2022/06/12 18:51:11 Starting worker for JNJ trading
2022/06/12 18:51:11 Starting worker for XOM trading
2022/06/12 18:51:11 Starting worker for ARKK trading
2022/06/12 18:51:11 Starting worker for NKE trading
2022/06/12 18:51:11 Starting worker for SOFI trading
2022/06/12 18:51:11 Starting worker for PTON trading
2022/06/12 18:51:11 Starting worker for RIOT trading
2022/06/12 18:51:11 Starting worker for SONY trading
2022/06/12 18:51:11 Starting worker for INTC trading
2022/06/12 18:51:11 Starting worker for BRK.B trading
2022/06/12 18:51:11 Starting worker for JPM trading
2022/06/12 18:51:11 Starting worker for ZM trading
2022/06/12 18:51:11 Starting worker for TGT trading
2022/06/12 18:51:11 Start main loop...
